<?xml version="1.0" encoding="UTF-8"?>
<coverage generated="1564120219925" clover="3.2.0">
  <project timestamp="1564120219925" name="All files">
    <metrics statements="8" coveredstatements="7" conditionals="8" coveredconditionals="7" methods="1" coveredmethods="1" elements="17" coveredelements="15" complexity="0" loc="8" ncloc="8" packages="1" files="1" classes="1">
      <file name="fizzbuzz.js" path="/home/bernd/Desktop/fizzbuzz_jest/fizzbuzz.js">
        <metrics statements="8" coveredstatements="7" conditionals="8" coveredconditionals="7" methods="1" coveredmethods="1"/>
        <line num="3" count="3" type="cond" truecount="4" falsecount="0"/>
        <line num="4" count="1" type="stmt"/>
        <line num="5" count="2" type="cond" truecount="2" falsecount="0"/>
        <line num="6" count="1" type="stmt"/>
        <line num="7" count="1" type="cond" truecount="1" falsecount="1"/>
        <line num="8" count="1" type="stmt"/>
        <line num="11" count="0" type="stmt"/>
        <line num="13" count="1" type="stmt"/>
      </file>
    </metrics>
  </project>
</coverage>
